<?xml version="1.0" encoding="UTF-8"?>
<!-- Generated by org.testng.reporters.JUnitReportReporter -->
<testsuite hostname="Abhijith" failures="0" tests="2" name="configAnnotations.Demo" time="0.022" errors="0" timestamp="2023-09-26T17:54:02 IST" skipped="0">
  <testcase classname="configAnnotations.Demo" name="sample" time="0.003">
    <system-out>
      <![CDATA[sample from Demo class Executed]]>
    </system-out>
  </testcase> <!-- sample -->
  <testcase classname="configAnnotations.Demo" name="demo" time="0.019">
    <system-out>
      <![CDATA[demo from Demo class Executed]]>
    </system-out>
  </testcase> <!-- demo -->
  <system-out>
    <![CDATA[browser launched successfully
login successfull
demo from Demo class Executed
logout successfull
login successfull
sample from Demo class Executed
logout successfull
browser closed successfully]]>
  </system-out>
</testsuite> <!-- configAnnotations.Demo -->
