<?xml version="1.0" encoding="UTF-8"?>
<!-- Generated by org.testng.reporters.JUnitReportReporter -->
<testsuite hostname="Abhijith" failures="0" tests="4" name="dataprovider.ToLearnDataProvider" time="5.924" errors="0" timestamp="2023-09-28T09:36:07 IST" skipped="0">
  <testcase classname="dataprovider.ToLearnDataProvider" name="login" time="2.913"/>
  <testcase classname="dataprovider.ToLearnDataProvider" name="login" time="0.984"/>
  <testcase classname="dataprovider.ToLearnDataProvider" name="login" time="1.034"/>
  <testcase classname="dataprovider.ToLearnDataProvider" name="login" time="0.993"/>
</testsuite> <!-- dataprovider.ToLearnDataProvider -->
