<?xml version="1.0" encoding="UTF-8"?>
<!-- Generated by org.testng.reporters.JUnitReportReporter -->
<testsuite hostname="Abhijith" failures="0" tests="3" name="testNG.DependsOnMethods" time="0.017" errors="0" timestamp="2023-09-23T16:31:04 IST" skipped="0">
  <testcase classname="testNG.DependsOnMethods" name="addToCart" time="0.002">
    <system-out>
      <![CDATA[added to cart seccessfully]]>
    </system-out>
  </testcase> <!-- addToCart -->
  <testcase classname="testNG.DependsOnMethods" name="login" time="0.003">
    <system-out>
      <![CDATA[logged in seccessfully]]>
    </system-out>
  </testcase> <!-- login -->
  <testcase classname="testNG.DependsOnMethods" name="register" time="0.012">
    <system-out>
      <![CDATA[registered seccessfully]]>
    </system-out>
  </testcase> <!-- register -->
  <system-out>
    <![CDATA[registered seccessfully
logged in seccessfully
added to cart seccessfully]]>
  </system-out>
</testsuite> <!-- testNG.DependsOnMethods -->
