<?xml version="1.0" encoding="UTF-8"?>
<!-- Generated by org.testng.reporters.JUnitReportReporter -->
<testsuite hostname="Abhijith" failures="0" tests="3" name="testNG.ToLearnTestNG" time="0.017" errors="0" timestamp="2023-09-22T17:41:27 IST" skipped="0">
  <testcase classname="testNG.ToLearnTestNG" name="sample" time="0.002">
    <system-out>
      <![CDATA[sample running]]>
    </system-out>
  </testcase> <!-- sample -->
  <testcase classname="testNG.ToLearnTestNG" name="test" time="0.003">
    <system-out>
      <![CDATA[test running]]>
    </system-out>
  </testcase> <!-- test -->
  <testcase classname="testNG.ToLearnTestNG" name="demo" time="0.012">
    <system-out>
      <![CDATA[demo running]]>
    </system-out>
  </testcase> <!-- demo -->
  <system-out>
    <![CDATA[demo running
sample running
test running]]>
  </system-out>
</testsuite> <!-- testNG.ToLearnTestNG -->
