<?xml version="1.0" encoding="UTF-8"?>
<!-- Generated by org.testng.reporters.JUnitReportReporter -->
<testsuite hostname="Abhijith" failures="0" tests="1" name="company.Accenture" time="4.915" errors="0" timestamp="2023-09-26T17:16:26 IST" skipped="0">
  <testcase classname="company.Accenture" name="runAccenture" time="4.915">
    <system-out>
      <![CDATA[accenture launched]]>
    </system-out>
  </testcase> <!-- runAccenture -->
  <system-out>
    <![CDATA[accenture launched]]>
  </system-out>
</testsuite> <!-- company.Accenture -->
