<?xml version="1.0" encoding="UTF-8"?>
<!-- Generated by org.testng.reporters.JUnitReportReporter -->
<testsuite hostname="Abhijith" failures="0" tests="2" name="configAnnotations.ConfigurationAnnotations" time="0.020" errors="0" timestamp="2023-09-26T17:44:25 IST" skipped="0">
  <testcase classname="configAnnotations.ConfigurationAnnotations" name="removeFromCart" time="0.005">
    <system-out>
      <![CDATA[removeFromCart executed]]>
    </system-out>
  </testcase> <!-- removeFromCart -->
  <testcase classname="configAnnotations.ConfigurationAnnotations" name="addToCart" time="0.015">
    <system-out>
      <![CDATA[addToCart executed]]>
    </system-out>
  </testcase> <!-- addToCart -->
  <system-out>
    <![CDATA[login successfull
addToCart executed
logout successfull
login successfull
removeFromCart executed
logout successfull]]>
  </system-out>
</testsuite> <!-- configAnnotations.ConfigurationAnnotations -->
