<?xml version="1.0" encoding="UTF-8"?>
<!-- Generated by org.testng.reporters.JUnitReportReporter -->
<testsuite hostname="Abhijith" failures="0" tests="2" name="testNG.ToLearnAttributes" time="0.011" errors="0" timestamp="2023-09-22T17:53:44 IST" skipped="0">
  <testcase classname="testNG.ToLearnAttributes" name="register" time="0.008">
    <system-out>
      <![CDATA[user registered successfully]]>
    </system-out>
  </testcase> <!-- register -->
  <testcase classname="testNG.ToLearnAttributes" name="login" time="0.003">
    <system-out>
      <![CDATA[user logged in successfully]]>
    </system-out>
  </testcase> <!-- login -->
  <system-out>
    <![CDATA[user registered successfully
user logged in successfully]]>
  </system-out>
</testsuite> <!-- testNG.ToLearnAttributes -->
