<?xml version="1.0" encoding="UTF-8"?>
<!-- Generated by org.testng.reporters.JUnitReportReporter -->
<testsuite hostname="Abhijith" failures="0" tests="5" name="testNG.ToLearnAttributes" time="15.771" errors="0" timestamp="2023-09-23T16:18:45 IST" skipped="1">
  <testcase classname="testNG.ToLearnAttributes" name="login" time="4.258">
    <system-out>
      <![CDATA[user logged in successfully]]>
    </system-out>
  </testcase> <!-- login -->
  <testcase classname="testNG.ToLearnAttributes" name="login" time="3.720">
    <system-out>
      <![CDATA[user logged in successfully]]>
    </system-out>
  </testcase> <!-- login -->
  <testcase classname="testNG.ToLearnAttributes" name="login" time="3.535">
    <system-out>
      <![CDATA[user logged in successfully]]>
    </system-out>
  </testcase> <!-- login -->
  <testcase classname="testNG.ToLearnAttributes" name="login" time="4.258">
    <system-out>
      <![CDATA[user logged in successfully]]>
    </system-out>
  </testcase> <!-- login -->
  <testcase classname="testNG.ToLearnAttributes" name="register">
    <skipped/>
  </testcase> <!-- register -->
  <system-out>
    <![CDATA[user logged in successfully
user logged in successfully
user logged in successfully
user logged in successfully]]>
  </system-out>
</testsuite> <!-- testNG.ToLearnAttributes -->
