<?xml version="1.0" encoding="UTF-8"?>
<!-- Generated by org.testng.reporters.JUnitReportReporter -->
<testsuite hostname="Abhijith" failures="0" tests="1" name="company.Kpmg" time="3.883" errors="0" timestamp="2023-09-26T16:50:29 IST" skipped="0">
  <testcase classname="company.Kpmg" name="runKpmg" time="3.883"/>
</testsuite> <!-- company.Kpmg -->
